<?xml version="1.0" encoding="UTF-8"?>
<testng-results ignored="0" total="1" passed="1" failed="0" skipped="0">
  <reporter-output>
  </reporter-output>
  <suite started-at="2025-09-30T17:04:15 IST" name="Default suite" finished-at="2025-09-30T17:05:03 IST" duration-ms="47669">
    <groups>
    </groups>
    <test started-at="2025-09-30T17:04:15 IST" name="Default test" finished-at="2025-09-30T17:05:03 IST" duration-ms="47669">
      <class name="test.DataBoxFile">
        <test-method is-config="true" signature="setUp()[pri:0, instance:test.DataBoxFile@544fa968]" started-at="2025-09-30T17:04:15 IST" name="setUp" finished-at="2025-09-30T17:04:17 IST" duration-ms="1743" status="PASS">
          <reporter-output>
          </reporter-output>
        </test-method> <!-- setUp -->
        <test-method signature="testLoginAndCreateDatabox(java.lang.String,java.lang.String,java.lang.String)[pri:0, instance:test.DataBoxFile@544fa968]" started-at="2025-09-30T17:04:17 IST" name="testLoginAndCreateDatabox" finished-at="2025-09-30T17:05:02 IST" duration-ms="45048" status="PASS">
          <params>
            <param index="0">
              <value>
                <![CDATA[https://showcase.bluecopa.com]]>
              </value>
            </param>
            <param index="1">
              <value>
                <![CDATA[auto-testadmin@bluecopa.com]]>
              </value>
            </param>
            <param index="2">
              <value>
                <![CDATA[Admin@copa123]]>
              </value>
            </param>
          </params>
          <reporter-output>
          </reporter-output>
        </test-method> <!-- testLoginAndCreateDatabox -->
        <test-method is-config="true" signature="tearDown()[pri:0, instance:test.DataBoxFile@544fa968]" started-at="2025-09-30T17:05:02 IST" name="tearDown" finished-at="2025-09-30T17:05:03 IST" duration-ms="791" status="PASS">
          <reporter-output>
          </reporter-output>
        </test-method> <!-- tearDown -->
      </class> <!-- test.DataBoxFile -->
    </test> <!-- Default test -->
  </suite> <!-- Default suite -->
</testng-results>
