<?xml version="1.0" encoding="UTF-8"?>
<testng-results ignored="0" total="1" passed="1" failed="0" skipped="0">
  <reporter-output>
  </reporter-output>
  <suite started-at="2025-10-08T18:38:39 IST" name="Default suite" finished-at="2025-10-08T18:40:40 IST" duration-ms="120867">
    <groups>
    </groups>
    <test started-at="2025-10-08T18:38:39 IST" name="Default test" finished-at="2025-10-08T18:40:40 IST" duration-ms="120867">
      <class name="test.PortalTestCase">
        <test-method is-config="true" signature="setUp()[pri:0, instance:test.PortalTestCase@623a8092]" started-at="2025-10-08T18:38:39 IST" name="setUp" finished-at="2025-10-08T18:38:41 IST" duration-ms="1923" status="PASS">
          <reporter-output>
          </reporter-output>
        </test-method> <!-- setUp -->
        <test-method signature="testforPortal(java.lang.String,java.lang.String,java.lang.String)[pri:0, instance:test.PortalTestCase@623a8092]" started-at="2025-10-08T18:38:41 IST" name="testforPortal" finished-at="2025-10-08T18:40:39 IST" duration-ms="118073" status="PASS">
          <params>
            <param index="0">
              <value>
                <![CDATA[https://showcase.bluecopa.com]]>
              </value>
            </param>
            <param index="1">
              <value>
                <![CDATA[auto-testadmin@bluecopa.com]]>
              </value>
            </param>
            <param index="2">
              <value>
                <![CDATA[Admin@copa123]]>
              </value>
            </param>
          </params>
          <reporter-output>
          </reporter-output>
        </test-method> <!-- testforPortal -->
        <test-method is-config="true" signature="tearDown()[pri:0, instance:test.PortalTestCase@623a8092]" started-at="2025-10-08T18:40:39 IST" name="tearDown" finished-at="2025-10-08T18:40:40 IST" duration-ms="766" status="PASS">
          <reporter-output>
          </reporter-output>
        </test-method> <!-- tearDown -->
      </class> <!-- test.PortalTestCase -->
    </test> <!-- Default test -->
  </suite> <!-- Default suite -->
</testng-results>
